<?xml version="1.0" encoding="UTF-8"?>
<testsuite xmlns:xsi="http://www.w3.org/2001/XMLSchema-instance" xsi:noNamespaceSchemaLocation="https://maven.apache.org/surefire/maven-surefire-plugin/xsd/surefire-test-report-3.0.xsd" version="3.0" name="com.indus.training.persist.test.EmployeeDepartmentDAOTest" time="13.705" tests="5" errors="0" skipped="0" failures="0">
  <properties>
    <property name="java.specification.version" value="22"/>
    <property name="sun.cpu.isalist" value="amd64"/>
    <property name="sun.jnu.encoding" value="Cp1252"/>
    <property name="java.class.path" value="C:\Users\phani\Indus_valley\Training\Persistive\CollectionMappingMap7.2\target\test-classes;C:\Users\phani\Indus_valley\Training\Persistive\CollectionMappingMap7.2\target\classes;C:\Users\phani\.m2\repository\javax\persistence\javax.persistence-api\2.2\javax.persistence-api-2.2.jar;C:\Users\phani\.m2\repository\org\hibernate\hibernate-core\4.2.21.Final\hibernate-core-4.2.21.Final.jar;C:\Users\phani\.m2\repository\antlr\antlr\2.7.7\antlr-2.7.7.jar;C:\Users\phani\.m2\repository\org\jboss\logging\jboss-logging\3.1.0.GA\jboss-logging-3.1.0.GA.jar;C:\Users\phani\.m2\repository\dom4j\dom4j\1.6.1\dom4j-1.6.1.jar;C:\Users\phani\.m2\repository\org\jboss\spec\javax\transaction\jboss-transaction-api_1.1_spec\1.0.1.Final\jboss-transaction-api_1.1_spec-1.0.1.Final.jar;C:\Users\phani\.m2\repository\org\hibernate\javax\persistence\hibernate-jpa-2.0-api\1.0.1.Final\hibernate-jpa-2.0-api-1.0.1.Final.jar;C:\Users\phani\.m2\repository\org\hibernate\common\hibernate-commons-annotations\4.0.2.Final\hibernate-commons-annotations-4.0.2.Final.jar;C:\Users\phani\.m2\repository\com\microsoft\sqlserver\mssql-jdbc\11.2.1.jre8\mssql-jdbc-11.2.1.jre8.jar;C:\Users\phani\.m2\repository\org\slf4j\slf4j-simple\2.0.16\slf4j-simple-2.0.16.jar;C:\Users\phani\.m2\repository\org\slf4j\slf4j-api\2.0.16\slf4j-api-2.0.16.jar;C:\Users\phani\.m2\repository\org\javassist\javassist\3.30.2-GA\javassist-3.30.2-GA.jar;C:\Users\phani\.m2\repository\junit\junit\4.13.2\junit-4.13.2.jar;C:\Users\phani\.m2\repository\org\hamcrest\hamcrest-core\1.3\hamcrest-core-1.3.jar;"/>
    <property name="java.vm.vendor" value="Oracle Corporation"/>
    <property name="sun.arch.data.model" value="64"/>
    <property name="user.variant" value=""/>
    <property name="java.vendor.url" value="https://java.oracle.com/"/>
    <property name="user.timezone" value="America/Indianapolis"/>
    <property name="os.name" value="Windows 11"/>
    <property name="java.vm.specification.version" value="22"/>
    <property name="sun.java.launcher" value="SUN_STANDARD"/>
    <property name="user.country" value="US"/>
    <property name="sun.boot.library.path" value="C:\Program Files\Java\jdk-22\bin"/>
    <property name="sun.java.command" value="C:\Users\phani\AppData\Local\Temp\surefire11925118453632431009\surefirebooter-20240930012226823_3.jar C:\Users\phani\AppData\Local\Temp\surefire11925118453632431009 2024-09-30T01-22-26_693-jvmRun1 surefire-20240930012226823_1tmp surefire_0-20240930012226823_2tmp"/>
    <property name="jdk.debug" value="release"/>
    <property name="surefire.test.class.path" value="C:\Users\phani\Indus_valley\Training\Persistive\CollectionMappingMap7.2\target\test-classes;C:\Users\phani\Indus_valley\Training\Persistive\CollectionMappingMap7.2\target\classes;C:\Users\phani\.m2\repository\javax\persistence\javax.persistence-api\2.2\javax.persistence-api-2.2.jar;C:\Users\phani\.m2\repository\org\hibernate\hibernate-core\4.2.21.Final\hibernate-core-4.2.21.Final.jar;C:\Users\phani\.m2\repository\antlr\antlr\2.7.7\antlr-2.7.7.jar;C:\Users\phani\.m2\repository\org\jboss\logging\jboss-logging\3.1.0.GA\jboss-logging-3.1.0.GA.jar;C:\Users\phani\.m2\repository\dom4j\dom4j\1.6.1\dom4j-1.6.1.jar;C:\Users\phani\.m2\repository\org\jboss\spec\javax\transaction\jboss-transaction-api_1.1_spec\1.0.1.Final\jboss-transaction-api_1.1_spec-1.0.1.Final.jar;C:\Users\phani\.m2\repository\org\hibernate\javax\persistence\hibernate-jpa-2.0-api\1.0.1.Final\hibernate-jpa-2.0-api-1.0.1.Final.jar;C:\Users\phani\.m2\repository\org\hibernate\common\hibernate-commons-annotations\4.0.2.Final\hibernate-commons-annotations-4.0.2.Final.jar;C:\Users\phani\.m2\repository\com\microsoft\sqlserver\mssql-jdbc\11.2.1.jre8\mssql-jdbc-11.2.1.jre8.jar;C:\Users\phani\.m2\repository\org\slf4j\slf4j-simple\2.0.16\slf4j-simple-2.0.16.jar;C:\Users\phani\.m2\repository\org\slf4j\slf4j-api\2.0.16\slf4j-api-2.0.16.jar;C:\Users\phani\.m2\repository\org\javassist\javassist\3.30.2-GA\javassist-3.30.2-GA.jar;C:\Users\phani\.m2\repository\junit\junit\4.13.2\junit-4.13.2.jar;C:\Users\phani\.m2\repository\org\hamcrest\hamcrest-core\1.3\hamcrest-core-1.3.jar;"/>
    <property name="sun.cpu.endian" value="little"/>
    <property name="user.home" value="C:\Users\phani"/>
    <property name="user.language" value="en"/>
    <property name="java.specification.vendor" value="Oracle Corporation"/>
    <property name="java.version.date" value="2024-07-16"/>
    <property name="java.home" value="C:\Program Files\Java\jdk-22"/>
    <property name="file.separator" value="\"/>
    <property name="basedir" value="C:\Users\phani\Indus_valley\Training\Persistive\CollectionMappingMap7.2"/>
    <property name="java.vm.compressedOopsMode" value="Zero based"/>
    <property name="line.separator" value="&#10;"/>
    <property name="java.vm.specification.vendor" value="Oracle Corporation"/>
    <property name="java.specification.name" value="Java Platform API Specification"/>
    <property name="surefire.real.class.path" value="C:\Users\phani\AppData\Local\Temp\surefire11925118453632431009\surefirebooter-20240930012226823_3.jar"/>
    <property name="user.script" value=""/>
    <property name="sun.management.compiler" value="HotSpot 64-Bit Tiered Compilers"/>
    <property name="java.runtime.version" value="22.0.2+9-70"/>
    <property name="user.name" value="phani"/>
    <property name="stdout.encoding" value="Cp1252"/>
    <property name="path.separator" value=";"/>
    <property name="os.version" value="10.0"/>
    <property name="java.runtime.name" value="Java(TM) SE Runtime Environment"/>
    <property name="file.encoding" value="UTF-8"/>
    <property name="java.vm.name" value="Java HotSpot(TM) 64-Bit Server VM"/>
    <property name="localRepository" value="C:\Users\phani\.m2\repository"/>
    <property name="java.vendor.url.bug" value="https://bugreport.java.com/bugreport/"/>
    <property name="java.io.tmpdir" value="C:\Users\phani\AppData\Local\Temp\"/>
    <property name="java.version" value="22.0.2"/>
    <property name="user.dir" value="C:\Users\phani\Indus_valley\Training\Persistive\CollectionMappingMap7.2"/>
    <property name="os.arch" value="amd64"/>
    <property name="java.vm.specification.name" value="Java Virtual Machine Specification"/>
    <property name="sun.os.patch.level" value=""/>
    <property name="native.encoding" value="Cp1252"/>
    <property name="java.library.path" value="C:\Program Files\Java\jdk-22\bin;C:\Windows\Sun\Java\bin;C:\Windows\system32;C:\Windows;C:/Users/phani/Downloads/sts-4.23.1.RELEASE//plugins/org.eclipse.justj.openjdk.hotspot.jre.full.win32.x86_64_21.0.3.v20240426-1530/jre/bin/server;C:/Users/phani/Downloads/sts-4.23.1.RELEASE//plugins/org.eclipse.justj.openjdk.hotspot.jre.full.win32.x86_64_21.0.3.v20240426-1530/jre/bin;C:\Program Files\Microsoft SDKs\Azure\CLI2\wbin;C:\texlive\2024\bin\windows;C:\Windows\system32;C:\Windows;C:\Windows\System32\Wbem;C:\Windows\System32\WindowsPowerShell\v1.0\;C:\Windows\System32\OpenSSH\;C:\ProgramData\chocolatey\bin;C:\HashiCorp\Vagrant\bin;C:\ProgramData\chocolatey\lib\maven\apache-maven-3.9.5\bin;C:\Program Files\Amazon\AWSCLIV2\;C:\Program Files\Microsoft VS Code\bin;C:\Users\phani\AppData\Local\Programs\Python\Python312;C:\Users\phani\AppData\Local\Programs\Python\Python312\Scripts;C:\instantclient_21_13;C:\Program Files\Git\cmd;C:\Program Files\MiKTeX\miktex\bin\x64\;C:\Program Files\nodejs\;C:\Program Files\Docker\Docker\resources\bin;C:\kafka;C:\Program Files (x86)\Microsoft SQL Server\160\Tools\Binn\;C:\Program Files\Microsoft SQL Server\160\Tools\Binn\;C:\Program Files\Microsoft SQL Server\Client SDK\ODBC\170\Tools\Binn\;C:\Program Files\Microsoft SQL Server\160\DTS\Binn\;C:\Program Files (x86)\Microsoft SQL Server\160\DTS\Binn\;C:\Terraform;C:\Program Files\PuTTY\;%JAVA_HOME%\bin;%SPARK_HOME%\bin;%HADOOP_HOME%\bin;C:\Users\phani\AppData\Local\Programs\Python\Python311\Scripts\;C:\Users\phani\AppData\Local\Programs\Python\Python311\;C:\Program Files\Microsoft SDKs\Azure\CLI2\wbin;C:\texlive\2024\bin\windows;C:\Windows\system32;C:\Windows;C:\Windows\System32\Wbem;C:\Windows\System32\WindowsPowerShell\v1.0\;C:\Windows\System32\OpenSSH\;C:\ProgramData\chocolatey\bin;C:\HashiCorp\Vagrant\bin;C:\ProgramData\chocolatey\lib\maven\apache-maven-3.9.5\bin;C:\Program Files\Amazon\AWSCLIV2\;C:\Program Files\Microsoft VS Code\bin;C:\Users\phani\AppData\Local\Programs\Python\Python312;C:\Users\phani\AppData\Local\Programs\Python\Python312\Scripts;C:\instantclient_21_13;C:\Program Files\Git\cmd;C:\Program Files\MiKTeX\miktex\bin\x64\;C:\Program Files\nodejs\;C:\Program Files\Docker\Docker\resources\bin;C:\kafka;C:\Program Files (x86)\Microsoft SQL Server\160\Tools\Binn\;C:\Program Files\Microsoft SQL Server\160\Tools\Binn\;C:\Program Files\Microsoft SQL Server\Client SDK\ODBC\170\Tools\Binn\;C:\Program Files\Microsoft SQL Server\160\DTS\Binn\;C:\Program Files (x86)\Microsoft SQL Server\160\DTS\Binn\;C:\Terraform;C:\Program Files\PuTTY\;C:\Program Files\Java\jdk-22\bin;C:\hadoop-3.3.5\bin;C:\spark-3.5.2\bin;;C:\Users\phani\Downloads\sts-4.23.1.RELEASE;;."/>
    <property name="java.vm.info" value="mixed mode, sharing"/>
    <property name="stderr.encoding" value="Cp1252"/>
    <property name="java.vendor" value="Oracle Corporation"/>
    <property name="java.vm.version" value="22.0.2+9-70"/>
    <property name="sun.io.unicode.encoding" value="UnicodeLittle"/>
    <property name="java.class.version" value="66.0"/>
  </properties>
  <testcase name="testSave" classname="com.indus.training.persist.test.EmployeeDepartmentDAOTest" time="2.888">
    <system-out><![CDATA[Hibernate: 
    insert 
    into
        EmployeeDepartment
        (EmployeeID, DepartmentID) 
    values
        (?, ?)
Hibernate: 
    select
        employeede0_.EmployeeID as Employee1_2_0_,
        employeede0_.DepartmentID as Departme2_2_0_ 
    from
        EmployeeDepartment employeede0_ 
    where
        employeede0_.EmployeeID=? 
        and employeede0_.DepartmentID=?
]]></system-out>
    <system-err><![CDATA[Sep 30, 2024 1:22:31 AM org.hibernate.cfg.Configuration configure
INFO: HHH000043: Configuring from resource: /hibernate.cfg.xml
Sep 30, 2024 1:22:31 AM org.hibernate.cfg.Configuration getConfigurationInputStream
INFO: HHH000040: Configuration resource: /hibernate.cfg.xml
Sep 30, 2024 1:22:31 AM org.hibernate.cfg.Configuration addResource
INFO: HHH000221: Reading mappings from resource: Employee.hbm.xml
Sep 30, 2024 1:22:31 AM org.hibernate.cfg.Configuration addResource
INFO: HHH000221: Reading mappings from resource: Address.hbm.xml
Sep 30, 2024 1:22:31 AM org.hibernate.cfg.Configuration addResource
INFO: HHH000221: Reading mappings from resource: EmployeeDepartment.hbm.xml
Sep 30, 2024 1:22:31 AM org.hibernate.cfg.Configuration doConfigure
INFO: HHH000041: Configured SessionFactory: null
Sep 30, 2024 1:22:31 AM org.hibernate.service.jdbc.connections.internal.ConnectionProviderInitiator c3p0ProviderPresent
WARN: HHH000022: c3p0 properties were encountered, but the org.hibernate.service.jdbc.connections.internal.C3P0ConnectionProvider provider class was not found on the classpath; these properties are going to be ignored.
Sep 30, 2024 1:22:31 AM org.hibernate.service.jdbc.connections.internal.DriverManagerConnectionProviderImpl configure
WARN: HHH000402: Using Hibernate built-in connection pool (not for production use!)
Sep 30, 2024 1:22:31 AM org.hibernate.service.jdbc.connections.internal.DriverManagerConnectionProviderImpl configure
INFO: HHH000115: Hibernate connection pool size: 20
Sep 30, 2024 1:22:31 AM org.hibernate.service.jdbc.connections.internal.DriverManagerConnectionProviderImpl configure
INFO: HHH000006: Autocommit mode: false
Sep 30, 2024 1:22:31 AM org.hibernate.service.jdbc.connections.internal.DriverManagerConnectionProviderImpl configure
INFO: HHH000401: using driver [com.microsoft.sqlserver.jdbc.SQLServerDriver] at URL [jdbc:sqlserver://phani\\SQLEXPRESS:1433;databaseName=EmployeeInfo;encrypt=true;trustServerCertificate=true]
Sep 30, 2024 1:22:31 AM org.hibernate.service.jdbc.connections.internal.DriverManagerConnectionProviderImpl configure
INFO: HHH000046: Connection properties: {password=****, user=phani}
Sep 30, 2024 1:22:31 AM org.hibernate.dialect.Dialect <init>
INFO: HHH000400: Using dialect: org.hibernate.dialect.SQLServerDialect
Sep 30, 2024 1:22:31 AM org.hibernate.engine.transaction.internal.TransactionFactoryInitiator initiateService
INFO: HHH000399: Using default transaction strategy (direct JDBC transactions)
Sep 30, 2024 1:22:31 AM org.hibernate.hql.internal.ast.ASTQueryTranslatorFactory <init>
INFO: HHH000397: Using ASTQueryTranslatorFactory
Sep 30, 2024 1:22:31 AM org.hibernate.tool.hbm2ddl.SchemaUpdate execute
INFO: HHH000228: Running hbm2ddl schema update
Sep 30, 2024 1:22:31 AM org.hibernate.tool.hbm2ddl.SchemaUpdate execute
INFO: HHH000102: Fetching database metadata
Sep 30, 2024 1:22:31 AM org.hibernate.tool.hbm2ddl.SchemaUpdate execute
INFO: HHH000396: Updating schema
Sep 30, 2024 1:22:32 AM org.hibernate.tool.hbm2ddl.TableMetadata <init>
INFO: HHH000261: Table found: EmployeeInfo.dbo.Address
Sep 30, 2024 1:22:32 AM org.hibernate.tool.hbm2ddl.TableMetadata <init>
INFO: HHH000037: Columns: [country, city, street, addressid]
Sep 30, 2024 1:22:32 AM org.hibernate.tool.hbm2ddl.TableMetadata <init>
INFO: HHH000108: Foreign keys: []
Sep 30, 2024 1:22:32 AM org.hibernate.tool.hbm2ddl.TableMetadata <init>
INFO: HHH000126: Indexes: [pk__address__091c2a1b694c45da]
Sep 30, 2024 1:22:33 AM org.hibernate.tool.hbm2ddl.TableMetadata <init>
INFO: HHH000261: Table found: EmployeeInfo.dbo.Employee
Sep 30, 2024 1:22:33 AM org.hibernate.tool.hbm2ddl.TableMetadata <init>
INFO: HHH000037: Columns: [firstname, employeeid, lastname, addressid]
Sep 30, 2024 1:22:33 AM org.hibernate.tool.hbm2ddl.TableMetadata <init>
INFO: HHH000108: Foreign keys: [fk__employee__addres__3f466844, fk_nre5lovrsysdbvdtqwh762w38]
Sep 30, 2024 1:22:33 AM org.hibernate.tool.hbm2ddl.TableMetadata <init>
INFO: HHH000126: Indexes: [pk__employee__7ad04ff1966f29d5]
Sep 30, 2024 1:22:34 AM org.hibernate.tool.hbm2ddl.TableMetadata <init>
INFO: HHH000261: Table found: EmployeeInfo.dbo.EmployeeDepartment
Sep 30, 2024 1:22:34 AM org.hibernate.tool.hbm2ddl.TableMetadata <init>
INFO: HHH000037: Columns: [departmentid, employeeid]
Sep 30, 2024 1:22:34 AM org.hibernate.tool.hbm2ddl.TableMetadata <init>
INFO: HHH000108: Foreign keys: []
Sep 30, 2024 1:22:34 AM org.hibernate.tool.hbm2ddl.TableMetadata <init>
INFO: HHH000126: Indexes: [pk__employee__b1f0364dece731bb]
Sep 30, 2024 1:22:34 AM org.hibernate.tool.hbm2ddl.SchemaUpdate execute
INFO: HHH000232: Schema update complete
]]></system-err>
  </testcase>
  <testcase name="testFindById" classname="com.indus.training.persist.test.EmployeeDepartmentDAOTest" time="2.809">
    <system-out><![CDATA[Hibernate: 
    insert 
    into
        EmployeeDepartment
        (EmployeeID, DepartmentID) 
    values
        (?, ?)
Hibernate: 
    select
        employeede0_.EmployeeID as Employee1_2_0_,
        employeede0_.DepartmentID as Departme2_2_0_ 
    from
        EmployeeDepartment employeede0_ 
    where
        employeede0_.EmployeeID=? 
        and employeede0_.DepartmentID=?
]]></system-out>
    <system-err><![CDATA[Sep 30, 2024 1:22:34 AM org.hibernate.cfg.Configuration configure
INFO: HHH000043: Configuring from resource: /hibernate.cfg.xml
Sep 30, 2024 1:22:34 AM org.hibernate.cfg.Configuration getConfigurationInputStream
INFO: HHH000040: Configuration resource: /hibernate.cfg.xml
Sep 30, 2024 1:22:34 AM org.hibernate.cfg.Configuration addResource
INFO: HHH000221: Reading mappings from resource: Employee.hbm.xml
Sep 30, 2024 1:22:34 AM org.hibernate.cfg.Configuration addResource
INFO: HHH000221: Reading mappings from resource: Address.hbm.xml
Sep 30, 2024 1:22:34 AM org.hibernate.cfg.Configuration addResource
INFO: HHH000221: Reading mappings from resource: EmployeeDepartment.hbm.xml
Sep 30, 2024 1:22:34 AM org.hibernate.cfg.Configuration doConfigure
INFO: HHH000041: Configured SessionFactory: null
Sep 30, 2024 1:22:34 AM org.hibernate.service.jdbc.connections.internal.ConnectionProviderInitiator c3p0ProviderPresent
WARN: HHH000022: c3p0 properties were encountered, but the org.hibernate.service.jdbc.connections.internal.C3P0ConnectionProvider provider class was not found on the classpath; these properties are going to be ignored.
Sep 30, 2024 1:22:34 AM org.hibernate.service.jdbc.connections.internal.DriverManagerConnectionProviderImpl configure
WARN: HHH000402: Using Hibernate built-in connection pool (not for production use!)
Sep 30, 2024 1:22:34 AM org.hibernate.service.jdbc.connections.internal.DriverManagerConnectionProviderImpl configure
INFO: HHH000115: Hibernate connection pool size: 20
Sep 30, 2024 1:22:34 AM org.hibernate.service.jdbc.connections.internal.DriverManagerConnectionProviderImpl configure
INFO: HHH000006: Autocommit mode: false
Sep 30, 2024 1:22:34 AM org.hibernate.service.jdbc.connections.internal.DriverManagerConnectionProviderImpl configure
INFO: HHH000401: using driver [com.microsoft.sqlserver.jdbc.SQLServerDriver] at URL [jdbc:sqlserver://phani\\SQLEXPRESS:1433;databaseName=EmployeeInfo;encrypt=true;trustServerCertificate=true]
Sep 30, 2024 1:22:34 AM org.hibernate.service.jdbc.connections.internal.DriverManagerConnectionProviderImpl configure
INFO: HHH000046: Connection properties: {password=****, user=phani}
Sep 30, 2024 1:22:34 AM org.hibernate.dialect.Dialect <init>
INFO: HHH000400: Using dialect: org.hibernate.dialect.SQLServerDialect
Sep 30, 2024 1:22:34 AM org.hibernate.engine.transaction.internal.TransactionFactoryInitiator initiateService
INFO: HHH000399: Using default transaction strategy (direct JDBC transactions)
Sep 30, 2024 1:22:34 AM org.hibernate.hql.internal.ast.ASTQueryTranslatorFactory <init>
INFO: HHH000397: Using ASTQueryTranslatorFactory
Sep 30, 2024 1:22:34 AM org.hibernate.tool.hbm2ddl.SchemaUpdate execute
INFO: HHH000228: Running hbm2ddl schema update
Sep 30, 2024 1:22:34 AM org.hibernate.tool.hbm2ddl.SchemaUpdate execute
INFO: HHH000102: Fetching database metadata
Sep 30, 2024 1:22:34 AM org.hibernate.tool.hbm2ddl.SchemaUpdate execute
INFO: HHH000396: Updating schema
Sep 30, 2024 1:22:35 AM org.hibernate.tool.hbm2ddl.TableMetadata <init>
INFO: HHH000261: Table found: EmployeeInfo.dbo.Address
Sep 30, 2024 1:22:35 AM org.hibernate.tool.hbm2ddl.TableMetadata <init>
INFO: HHH000037: Columns: [country, city, street, addressid]
Sep 30, 2024 1:22:35 AM org.hibernate.tool.hbm2ddl.TableMetadata <init>
INFO: HHH000108: Foreign keys: []
Sep 30, 2024 1:22:35 AM org.hibernate.tool.hbm2ddl.TableMetadata <init>
INFO: HHH000126: Indexes: [pk__address__091c2a1b694c45da]
Sep 30, 2024 1:22:36 AM org.hibernate.tool.hbm2ddl.TableMetadata <init>
INFO: HHH000261: Table found: EmployeeInfo.dbo.Employee
Sep 30, 2024 1:22:36 AM org.hibernate.tool.hbm2ddl.TableMetadata <init>
INFO: HHH000037: Columns: [firstname, employeeid, lastname, addressid]
Sep 30, 2024 1:22:36 AM org.hibernate.tool.hbm2ddl.TableMetadata <init>
INFO: HHH000108: Foreign keys: [fk__employee__addres__3f466844, fk_nre5lovrsysdbvdtqwh762w38]
Sep 30, 2024 1:22:36 AM org.hibernate.tool.hbm2ddl.TableMetadata <init>
INFO: HHH000126: Indexes: [pk__employee__7ad04ff1966f29d5]
Sep 30, 2024 1:22:36 AM org.hibernate.tool.hbm2ddl.TableMetadata <init>
INFO: HHH000261: Table found: EmployeeInfo.dbo.EmployeeDepartment
Sep 30, 2024 1:22:36 AM org.hibernate.tool.hbm2ddl.TableMetadata <init>
INFO: HHH000037: Columns: [departmentid, employeeid]
Sep 30, 2024 1:22:36 AM org.hibernate.tool.hbm2ddl.TableMetadata <init>
INFO: HHH000108: Foreign keys: []
Sep 30, 2024 1:22:36 AM org.hibernate.tool.hbm2ddl.TableMetadata <init>
INFO: HHH000126: Indexes: [pk__employee__b1f0364dece731bb]
Sep 30, 2024 1:22:36 AM org.hibernate.tool.hbm2ddl.SchemaUpdate execute
INFO: HHH000232: Schema update complete
]]></system-err>
  </testcase>
  <testcase name="testDelete" classname="com.indus.training.persist.test.EmployeeDepartmentDAOTest" time="2.788">
    <system-out><![CDATA[Hibernate: 
    insert 
    into
        EmployeeDepartment
        (EmployeeID, DepartmentID) 
    values
        (?, ?)
Hibernate: 
    select
        employeede0_.EmployeeID as Employee1_2_0_,
        employeede0_.DepartmentID as Departme2_2_0_ 
    from
        EmployeeDepartment employeede0_ 
    where
        employeede0_.EmployeeID=? 
        and employeede0_.DepartmentID=?
Hibernate: 
    delete 
    from
        EmployeeDepartment 
    where
        EmployeeID=? 
        and DepartmentID=?
Hibernate: 
    select
        employeede0_.EmployeeID as Employee1_2_0_,
        employeede0_.DepartmentID as Departme2_2_0_ 
    from
        EmployeeDepartment employeede0_ 
    where
        employeede0_.EmployeeID=? 
        and employeede0_.DepartmentID=?
]]></system-out>
    <system-err><![CDATA[Sep 30, 2024 1:22:36 AM org.hibernate.cfg.Configuration configure
INFO: HHH000043: Configuring from resource: /hibernate.cfg.xml
Sep 30, 2024 1:22:36 AM org.hibernate.cfg.Configuration getConfigurationInputStream
INFO: HHH000040: Configuration resource: /hibernate.cfg.xml
Sep 30, 2024 1:22:36 AM org.hibernate.cfg.Configuration addResource
INFO: HHH000221: Reading mappings from resource: Employee.hbm.xml
Sep 30, 2024 1:22:36 AM org.hibernate.cfg.Configuration addResource
INFO: HHH000221: Reading mappings from resource: Address.hbm.xml
Sep 30, 2024 1:22:36 AM org.hibernate.cfg.Configuration addResource
INFO: HHH000221: Reading mappings from resource: EmployeeDepartment.hbm.xml
Sep 30, 2024 1:22:36 AM org.hibernate.cfg.Configuration doConfigure
INFO: HHH000041: Configured SessionFactory: null
Sep 30, 2024 1:22:36 AM org.hibernate.service.jdbc.connections.internal.ConnectionProviderInitiator c3p0ProviderPresent
WARN: HHH000022: c3p0 properties were encountered, but the org.hibernate.service.jdbc.connections.internal.C3P0ConnectionProvider provider class was not found on the classpath; these properties are going to be ignored.
Sep 30, 2024 1:22:36 AM org.hibernate.service.jdbc.connections.internal.DriverManagerConnectionProviderImpl configure
WARN: HHH000402: Using Hibernate built-in connection pool (not for production use!)
Sep 30, 2024 1:22:36 AM org.hibernate.service.jdbc.connections.internal.DriverManagerConnectionProviderImpl configure
INFO: HHH000115: Hibernate connection pool size: 20
Sep 30, 2024 1:22:36 AM org.hibernate.service.jdbc.connections.internal.DriverManagerConnectionProviderImpl configure
INFO: HHH000006: Autocommit mode: false
Sep 30, 2024 1:22:36 AM org.hibernate.service.jdbc.connections.internal.DriverManagerConnectionProviderImpl configure
INFO: HHH000401: using driver [com.microsoft.sqlserver.jdbc.SQLServerDriver] at URL [jdbc:sqlserver://phani\\SQLEXPRESS:1433;databaseName=EmployeeInfo;encrypt=true;trustServerCertificate=true]
Sep 30, 2024 1:22:36 AM org.hibernate.service.jdbc.connections.internal.DriverManagerConnectionProviderImpl configure
INFO: HHH000046: Connection properties: {password=****, user=phani}
Sep 30, 2024 1:22:37 AM org.hibernate.dialect.Dialect <init>
INFO: HHH000400: Using dialect: org.hibernate.dialect.SQLServerDialect
Sep 30, 2024 1:22:37 AM org.hibernate.engine.transaction.internal.TransactionFactoryInitiator initiateService
INFO: HHH000399: Using default transaction strategy (direct JDBC transactions)
Sep 30, 2024 1:22:37 AM org.hibernate.hql.internal.ast.ASTQueryTranslatorFactory <init>
INFO: HHH000397: Using ASTQueryTranslatorFactory
Sep 30, 2024 1:22:37 AM org.hibernate.tool.hbm2ddl.SchemaUpdate execute
INFO: HHH000228: Running hbm2ddl schema update
Sep 30, 2024 1:22:37 AM org.hibernate.tool.hbm2ddl.SchemaUpdate execute
INFO: HHH000102: Fetching database metadata
Sep 30, 2024 1:22:37 AM org.hibernate.tool.hbm2ddl.SchemaUpdate execute
INFO: HHH000396: Updating schema
Sep 30, 2024 1:22:37 AM org.hibernate.tool.hbm2ddl.TableMetadata <init>
INFO: HHH000261: Table found: EmployeeInfo.dbo.Address
Sep 30, 2024 1:22:37 AM org.hibernate.tool.hbm2ddl.TableMetadata <init>
INFO: HHH000037: Columns: [country, city, street, addressid]
Sep 30, 2024 1:22:37 AM org.hibernate.tool.hbm2ddl.TableMetadata <init>
INFO: HHH000108: Foreign keys: []
Sep 30, 2024 1:22:37 AM org.hibernate.tool.hbm2ddl.TableMetadata <init>
INFO: HHH000126: Indexes: [pk__address__091c2a1b694c45da]
Sep 30, 2024 1:22:38 AM org.hibernate.tool.hbm2ddl.TableMetadata <init>
INFO: HHH000261: Table found: EmployeeInfo.dbo.Employee
Sep 30, 2024 1:22:38 AM org.hibernate.tool.hbm2ddl.TableMetadata <init>
INFO: HHH000037: Columns: [firstname, employeeid, lastname, addressid]
Sep 30, 2024 1:22:38 AM org.hibernate.tool.hbm2ddl.TableMetadata <init>
INFO: HHH000108: Foreign keys: [fk__employee__addres__3f466844, fk_nre5lovrsysdbvdtqwh762w38]
Sep 30, 2024 1:22:38 AM org.hibernate.tool.hbm2ddl.TableMetadata <init>
INFO: HHH000126: Indexes: [pk__employee__7ad04ff1966f29d5]
Sep 30, 2024 1:22:39 AM org.hibernate.tool.hbm2ddl.TableMetadata <init>
INFO: HHH000261: Table found: EmployeeInfo.dbo.EmployeeDepartment
Sep 30, 2024 1:22:39 AM org.hibernate.tool.hbm2ddl.TableMetadata <init>
INFO: HHH000037: Columns: [departmentid, employeeid]
Sep 30, 2024 1:22:39 AM org.hibernate.tool.hbm2ddl.TableMetadata <init>
INFO: HHH000108: Foreign keys: []
Sep 30, 2024 1:22:39 AM org.hibernate.tool.hbm2ddl.TableMetadata <init>
INFO: HHH000126: Indexes: [pk__employee__b1f0364dece731bb]
Sep 30, 2024 1:22:39 AM org.hibernate.tool.hbm2ddl.SchemaUpdate execute
INFO: HHH000232: Schema update complete
]]></system-err>
  </testcase>
  <testcase name="testInsert" classname="com.indus.training.persist.test.EmployeeDepartmentDAOTest" time="2.495">
    <system-err><![CDATA[Sep 30, 2024 1:22:39 AM org.hibernate.cfg.Configuration configure
INFO: HHH000043: Configuring from resource: /hibernate.cfg.xml
Sep 30, 2024 1:22:39 AM org.hibernate.cfg.Configuration getConfigurationInputStream
INFO: HHH000040: Configuration resource: /hibernate.cfg.xml
Sep 30, 2024 1:22:39 AM org.hibernate.cfg.Configuration addResource
INFO: HHH000221: Reading mappings from resource: Employee.hbm.xml
Sep 30, 2024 1:22:39 AM org.hibernate.cfg.Configuration addResource
INFO: HHH000221: Reading mappings from resource: Address.hbm.xml
Sep 30, 2024 1:22:39 AM org.hibernate.cfg.Configuration addResource
INFO: HHH000221: Reading mappings from resource: EmployeeDepartment.hbm.xml
Sep 30, 2024 1:22:39 AM org.hibernate.cfg.Configuration doConfigure
INFO: HHH000041: Configured SessionFactory: null
Sep 30, 2024 1:22:39 AM org.hibernate.service.jdbc.connections.internal.ConnectionProviderInitiator c3p0ProviderPresent
WARN: HHH000022: c3p0 properties were encountered, but the org.hibernate.service.jdbc.connections.internal.C3P0ConnectionProvider provider class was not found on the classpath; these properties are going to be ignored.
Sep 30, 2024 1:22:39 AM org.hibernate.service.jdbc.connections.internal.DriverManagerConnectionProviderImpl configure
WARN: HHH000402: Using Hibernate built-in connection pool (not for production use!)
Sep 30, 2024 1:22:39 AM org.hibernate.service.jdbc.connections.internal.DriverManagerConnectionProviderImpl configure
INFO: HHH000115: Hibernate connection pool size: 20
Sep 30, 2024 1:22:39 AM org.hibernate.service.jdbc.connections.internal.DriverManagerConnectionProviderImpl configure
INFO: HHH000006: Autocommit mode: false
Sep 30, 2024 1:22:39 AM org.hibernate.service.jdbc.connections.internal.DriverManagerConnectionProviderImpl configure
INFO: HHH000401: using driver [com.microsoft.sqlserver.jdbc.SQLServerDriver] at URL [jdbc:sqlserver://phani\\SQLEXPRESS:1433;databaseName=EmployeeInfo;encrypt=true;trustServerCertificate=true]
Sep 30, 2024 1:22:39 AM org.hibernate.service.jdbc.connections.internal.DriverManagerConnectionProviderImpl configure
INFO: HHH000046: Connection properties: {password=****, user=phani}
Sep 30, 2024 1:22:39 AM org.hibernate.dialect.Dialect <init>
INFO: HHH000400: Using dialect: org.hibernate.dialect.SQLServerDialect
Sep 30, 2024 1:22:39 AM org.hibernate.engine.transaction.internal.TransactionFactoryInitiator initiateService
INFO: HHH000399: Using default transaction strategy (direct JDBC transactions)
Sep 30, 2024 1:22:39 AM org.hibernate.hql.internal.ast.ASTQueryTranslatorFactory <init>
INFO: HHH000397: Using ASTQueryTranslatorFactory
Sep 30, 2024 1:22:39 AM org.hibernate.tool.hbm2ddl.SchemaUpdate execute
INFO: HHH000228: Running hbm2ddl schema update
Sep 30, 2024 1:22:39 AM org.hibernate.tool.hbm2ddl.SchemaUpdate execute
INFO: HHH000102: Fetching database metadata
Sep 30, 2024 1:22:39 AM org.hibernate.tool.hbm2ddl.SchemaUpdate execute
INFO: HHH000396: Updating schema
Sep 30, 2024 1:22:40 AM org.hibernate.tool.hbm2ddl.TableMetadata <init>
INFO: HHH000261: Table found: EmployeeInfo.dbo.Address
Sep 30, 2024 1:22:40 AM org.hibernate.tool.hbm2ddl.TableMetadata <init>
INFO: HHH000037: Columns: [country, city, street, addressid]
Sep 30, 2024 1:22:40 AM org.hibernate.tool.hbm2ddl.TableMetadata <init>
INFO: HHH000108: Foreign keys: []
Sep 30, 2024 1:22:40 AM org.hibernate.tool.hbm2ddl.TableMetadata <init>
INFO: HHH000126: Indexes: [pk__address__091c2a1b694c45da]
Sep 30, 2024 1:22:41 AM org.hibernate.tool.hbm2ddl.TableMetadata <init>
INFO: HHH000261: Table found: EmployeeInfo.dbo.Employee
Sep 30, 2024 1:22:41 AM org.hibernate.tool.hbm2ddl.TableMetadata <init>
INFO: HHH000037: Columns: [firstname, employeeid, lastname, addressid]
Sep 30, 2024 1:22:41 AM org.hibernate.tool.hbm2ddl.TableMetadata <init>
INFO: HHH000108: Foreign keys: [fk__employee__addres__3f466844, fk_nre5lovrsysdbvdtqwh762w38]
Sep 30, 2024 1:22:41 AM org.hibernate.tool.hbm2ddl.TableMetadata <init>
INFO: HHH000126: Indexes: [pk__employee__7ad04ff1966f29d5]
Sep 30, 2024 1:22:42 AM org.hibernate.tool.hbm2ddl.TableMetadata <init>
INFO: HHH000261: Table found: EmployeeInfo.dbo.EmployeeDepartment
Sep 30, 2024 1:22:42 AM org.hibernate.tool.hbm2ddl.TableMetadata <init>
INFO: HHH000037: Columns: [departmentid, employeeid]
Sep 30, 2024 1:22:42 AM org.hibernate.tool.hbm2ddl.TableMetadata <init>
INFO: HHH000108: Foreign keys: []
Sep 30, 2024 1:22:42 AM org.hibernate.tool.hbm2ddl.TableMetadata <init>
INFO: HHH000126: Indexes: [pk__employee__b1f0364dece731bb]
Sep 30, 2024 1:22:42 AM org.hibernate.tool.hbm2ddl.SchemaUpdate execute
INFO: HHH000232: Schema update complete
]]></system-err>
  </testcase>
  <testcase name="testUpdate" classname="com.indus.training.persist.test.EmployeeDepartmentDAOTest" time="2.72">
    <system-out><![CDATA[Hibernate: 
    insert 
    into
        EmployeeDepartment
        (EmployeeID, DepartmentID) 
    values
        (?, ?)
Hibernate: 
    select
        employeede0_.EmployeeID as Employee1_2_0_,
        employeede0_.DepartmentID as Departme2_2_0_ 
    from
        EmployeeDepartment employeede0_ 
    where
        employeede0_.EmployeeID=? 
        and employeede0_.DepartmentID=?
Hibernate: 
    select
        employeede0_.EmployeeID as Employee1_2_0_,
        employeede0_.DepartmentID as Departme2_2_0_ 
    from
        EmployeeDepartment employeede0_ 
    where
        employeede0_.EmployeeID=? 
        and employeede0_.DepartmentID=?
]]></system-out>
    <system-err><![CDATA[Sep 30, 2024 1:22:42 AM org.hibernate.cfg.Configuration configure
INFO: HHH000043: Configuring from resource: /hibernate.cfg.xml
Sep 30, 2024 1:22:42 AM org.hibernate.cfg.Configuration getConfigurationInputStream
INFO: HHH000040: Configuration resource: /hibernate.cfg.xml
Sep 30, 2024 1:22:42 AM org.hibernate.cfg.Configuration addResource
INFO: HHH000221: Reading mappings from resource: Employee.hbm.xml
Sep 30, 2024 1:22:42 AM org.hibernate.cfg.Configuration addResource
INFO: HHH000221: Reading mappings from resource: Address.hbm.xml
Sep 30, 2024 1:22:42 AM org.hibernate.cfg.Configuration addResource
INFO: HHH000221: Reading mappings from resource: EmployeeDepartment.hbm.xml
Sep 30, 2024 1:22:42 AM org.hibernate.cfg.Configuration doConfigure
INFO: HHH000041: Configured SessionFactory: null
Sep 30, 2024 1:22:42 AM org.hibernate.service.jdbc.connections.internal.ConnectionProviderInitiator c3p0ProviderPresent
WARN: HHH000022: c3p0 properties were encountered, but the org.hibernate.service.jdbc.connections.internal.C3P0ConnectionProvider provider class was not found on the classpath; these properties are going to be ignored.
Sep 30, 2024 1:22:42 AM org.hibernate.service.jdbc.connections.internal.DriverManagerConnectionProviderImpl configure
WARN: HHH000402: Using Hibernate built-in connection pool (not for production use!)
Sep 30, 2024 1:22:42 AM org.hibernate.service.jdbc.connections.internal.DriverManagerConnectionProviderImpl configure
INFO: HHH000115: Hibernate connection pool size: 20
Sep 30, 2024 1:22:42 AM org.hibernate.service.jdbc.connections.internal.DriverManagerConnectionProviderImpl configure
INFO: HHH000006: Autocommit mode: false
Sep 30, 2024 1:22:42 AM org.hibernate.service.jdbc.connections.internal.DriverManagerConnectionProviderImpl configure
INFO: HHH000401: using driver [com.microsoft.sqlserver.jdbc.SQLServerDriver] at URL [jdbc:sqlserver://phani\\SQLEXPRESS:1433;databaseName=EmployeeInfo;encrypt=true;trustServerCertificate=true]
Sep 30, 2024 1:22:42 AM org.hibernate.service.jdbc.connections.internal.DriverManagerConnectionProviderImpl configure
INFO: HHH000046: Connection properties: {password=****, user=phani}
Sep 30, 2024 1:22:42 AM org.hibernate.dialect.Dialect <init>
INFO: HHH000400: Using dialect: org.hibernate.dialect.SQLServerDialect
Sep 30, 2024 1:22:42 AM org.hibernate.engine.transaction.internal.TransactionFactoryInitiator initiateService
INFO: HHH000399: Using default transaction strategy (direct JDBC transactions)
Sep 30, 2024 1:22:42 AM org.hibernate.hql.internal.ast.ASTQueryTranslatorFactory <init>
INFO: HHH000397: Using ASTQueryTranslatorFactory
Sep 30, 2024 1:22:42 AM org.hibernate.tool.hbm2ddl.SchemaUpdate execute
INFO: HHH000228: Running hbm2ddl schema update
Sep 30, 2024 1:22:42 AM org.hibernate.tool.hbm2ddl.SchemaUpdate execute
INFO: HHH000102: Fetching database metadata
Sep 30, 2024 1:22:42 AM org.hibernate.tool.hbm2ddl.SchemaUpdate execute
INFO: HHH000396: Updating schema
Sep 30, 2024 1:22:43 AM org.hibernate.tool.hbm2ddl.TableMetadata <init>
INFO: HHH000261: Table found: EmployeeInfo.dbo.Address
Sep 30, 2024 1:22:43 AM org.hibernate.tool.hbm2ddl.TableMetadata <init>
INFO: HHH000037: Columns: [country, city, street, addressid]
Sep 30, 2024 1:22:43 AM org.hibernate.tool.hbm2ddl.TableMetadata <init>
INFO: HHH000108: Foreign keys: []
Sep 30, 2024 1:22:43 AM org.hibernate.tool.hbm2ddl.TableMetadata <init>
INFO: HHH000126: Indexes: [pk__address__091c2a1b694c45da]
Sep 30, 2024 1:22:44 AM org.hibernate.tool.hbm2ddl.TableMetadata <init>
INFO: HHH000261: Table found: EmployeeInfo.dbo.Employee
Sep 30, 2024 1:22:44 AM org.hibernate.tool.hbm2ddl.TableMetadata <init>
INFO: HHH000037: Columns: [firstname, employeeid, lastname, addressid]
Sep 30, 2024 1:22:44 AM org.hibernate.tool.hbm2ddl.TableMetadata <init>
INFO: HHH000108: Foreign keys: [fk__employee__addres__3f466844, fk_nre5lovrsysdbvdtqwh762w38]
Sep 30, 2024 1:22:44 AM org.hibernate.tool.hbm2ddl.TableMetadata <init>
INFO: HHH000126: Indexes: [pk__employee__7ad04ff1966f29d5]
Sep 30, 2024 1:22:44 AM org.hibernate.tool.hbm2ddl.TableMetadata <init>
INFO: HHH000261: Table found: EmployeeInfo.dbo.EmployeeDepartment
Sep 30, 2024 1:22:44 AM org.hibernate.tool.hbm2ddl.TableMetadata <init>
INFO: HHH000037: Columns: [departmentid, employeeid]
Sep 30, 2024 1:22:44 AM org.hibernate.tool.hbm2ddl.TableMetadata <init>
INFO: HHH000108: Foreign keys: []
Sep 30, 2024 1:22:44 AM org.hibernate.tool.hbm2ddl.TableMetadata <init>
INFO: HHH000126: Indexes: [pk__employee__b1f0364dece731bb]
Sep 30, 2024 1:22:44 AM org.hibernate.tool.hbm2ddl.SchemaUpdate execute
INFO: HHH000232: Schema update complete
]]></system-err>
  </testcase>
</testsuite>